<?xml version="1.0" encoding="UTF-8"?>
<!-- Generated by org.testng.reporters.JUnitReportReporter -->
<testsuite hostname="LAPTOP-K6DD6MN3" failures="0" tests="1" name="com.qa.swaglabs.TestCases.LogInTestCases" time="3.736" errors="0" timestamp="2022-06-06T12:56:03 IST" skipped="0">
  <testcase classname="com.qa.swaglabs.TestCases.LogInTestCases" name="LogInTest" time="3.736"/>
  <system-out/>
</testsuite> <!-- com.qa.swaglabs.TestCases.LogInTestCases -->
